USBeaconSample/app/build/intermediates/manifest_merge_blame_file/debug/manifest-merger-blame-debug-report.txt
1<?xml version="1.0" encoding="utf-8"?>
2<manifest xmlns:android="http://schemas.android.com/apk/res/android"
3    package="com.THLight.USBeacon.Sample"
4    android:versionCode="5"
5    android:versionName="5.0" >
6
7    <uses-sdk
8        android:minSdkVersion="21"
8-->src/main/AndroidManifest.xml
9        android:targetSdkVersion="28" />
9-->src/main/AndroidManifest.xml
10
11    <uses-permission android:name="android.permission.BLUETOOTH_ADMIN" />
11-->src/main/AndroidManifest.xml:7:5-74
11-->src/main/AndroidManifest.xml:7:22-71
12    <uses-permission android:name="android.permission.BLUETOOTH" />
12-->src/main/AndroidManifest.xml:8:5-68
12-->src/main/AndroidManifest.xml:8:22-65
13    <uses-permission android:name="android.permission.ACCESS_NETWORK_STATE" />
13-->src/main/AndroidManifest.xml:9:5-79
13-->src/main/AndroidManifest.xml:9:22-76
14    <uses-permission android:name="android.permission.ACCESS_WIFI_STATE" />
14-->src/main/AndroidManifest.xml:10:5-76
14-->src/main/AndroidManifest.xml:10:22-73
15    <uses-permission android:name="android.permission.CHANGE_WIFI_STATE" />
15-->src/main/AndroidManifest.xml:11:5-76
15-->src/main/AndroidManifest.xml:11:22-73
16    <uses-permission android:name="android.permission.INTERNET" />
16-->src/main/AndroidManifest.xml:12:5-67
16-->src/main/AndroidManifest.xml:12:22-64
17    <uses-permission android:name="android.permission.WRITE_EXTERNAL_STORAGE" />
17-->src/main/AndroidManifest.xml:13:5-81
17-->src/main/AndroidManifest.xml:13:22-78
18    <uses-permission android:name="android.permission.READ_EXTERNAL_STORAGE" />
18-->src/main/AndroidManifest.xml:14:5-80
18-->src/main/AndroidManifest.xml:14:22-77
19    <uses-permission android:name="android.permission.ACCESS_COARSE_LOCATION" />
19-->src/main/AndroidManifest.xml:15:5-81
19-->src/main/AndroidManifest.xml:15:22-78
20    <!-- <uses-permission android:name="android.permission.REQUEST_IGNORE_BATTERY_OPTIMIZATIONS" /> -->
21    <uses-permission android:name="android.permission.FOREGROUND_SERVICE" />
21-->src/main/AndroidManifest.xml:17:5-77
21-->src/main/AndroidManifest.xml:17:22-74
22    <uses-permission android:name="android.permission.WAKE_LOCK" />
22-->src/main/AndroidManifest.xml:18:5-67
22-->src/main/AndroidManifest.xml:18:22-65
23
24    <uses-feature
24-->src/main/AndroidManifest.xml:20:5-22:35
25        android:name="android.hardware.bluetooth_le"
25-->src/main/AndroidManifest.xml:21:9-53
26        android:required="true" />
26-->src/main/AndroidManifest.xml:22:9-32
27
28    <application
28-->src/main/AndroidManifest.xml:24:5-45:19
29        android:name="com.THLight.USBeacon.Sample.thLightApplication"
29-->src/main/AndroidManifest.xml:25:9-70
30        android:allowBackup="true"
30-->src/main/AndroidManifest.xml:26:9-35
31        android:debuggable="true"
32        android:icon="@drawable/ic_launcher"
32-->src/main/AndroidManifest.xml:27:9-45
33        android:label="@string/app_name"
33-->src/main/AndroidManifest.xml:28:9-41
34        android:persistent="true"
34-->src/main/AndroidManifest.xml:29:9-34
35        android:testOnly="true"
36        android:theme="@style/AppTheme" >
36-->src/main/AndroidManifest.xml:30:9-40
37        <activity
37-->src/main/AndroidManifest.xml:31:9-41:20
38            android:name="com.THLight.USBeacon.Sample.ui.MainActivity"
38-->src/main/AndroidManifest.xml:32:13-71
39            android:label="@string/app_name"
39-->src/main/AndroidManifest.xml:33:13-45
40            android:launchMode="singleTop"
40-->src/main/AndroidManifest.xml:34:13-43
41            android:screenOrientation="portrait" >
41-->src/main/AndroidManifest.xml:35:13-49
42            <intent-filter>
42-->src/main/AndroidManifest.xml:36:13-40:29
43                <action android:name="android.intent.action.MAIN" />
43-->src/main/AndroidManifest.xml:37:17-69
43-->src/main/AndroidManifest.xml:37:25-66
44
45                <category android:name="android.intent.category.LAUNCHER" />
45-->src/main/AndroidManifest.xml:39:17-77
45-->src/main/AndroidManifest.xml:39:27-74
46            </intent-filter>
47        </activity>
48
49        <service android:name="com.THLight.USBeacon.Sample.service.ScannerService" />
49-->src/main/AndroidManifest.xml:43:9-59
49-->src/main/AndroidManifest.xml:43:18-56
50    </application>
51
52</manifest>